[03:11:01] [Client thread/ERROR]: Can't find the resource index file: assets\indexes\1.8.9.json
[03:11:01] [Client thread/INFO]: Setting user: Player687
[03:11:01] [Client thread/INFO]: (Session ID is token:0:Player687)
[03:11:01] [Client thread/INFO]: [OptiFine] *** Reflector Forge ***
[03:11:01] [Client thread/INFO]: [OptiFine] *** Reflector Vanilla ***
[03:11:01] [Client thread/INFO]: [OptiFine] (Reflector) Class not present: net.minecraftforge.fml.common.eventhandler.Event$Result
[03:11:01] [Client thread/INFO]: [OptiFine] (Reflector) Class not present: net.minecraft.launchwrapper.Launch
[03:11:01] [Client thread/INFO]: LWJGL Version: 2.9.4
[03:11:02] [Client thread/INFO]: [OptiFine] 
[03:11:02] [Client thread/INFO]: [OptiFine] OptiFine_1.8.9_HD_U_M5
[03:11:02] [Client thread/INFO]: [OptiFine] Build: null
[03:11:02] [Client thread/INFO]: [OptiFine] OS: Windows 11 (amd64) version 10.0
[03:11:02] [Client thread/INFO]: [OptiFine] Java: 1.8.0_372, Amazon.com Inc.
[03:11:02] [Client thread/INFO]: [OptiFine] VM: OpenJDK 64-Bit Server VM (mixed mode), Amazon.com Inc.
[03:11:02] [Client thread/INFO]: [OptiFine] LWJGL: 2.9.4
[03:11:02] [Client thread/INFO]: [OptiFine] OpenGL: NVIDIA GeForce GTX 1660/PCIe/SSE2, version 4.6.0 NVIDIA 531.18, NVIDIA Corporation
[03:11:02] [Client thread/INFO]: [OptiFine] OpenGL Version: 4.6.0
[03:11:02] [Client thread/INFO]: [OptiFine] Maximum texture size: 32768x32768
[03:11:02] [VersionCheck/INFO]: [OptiFine] Checking for new version
[03:11:02] [Client thread/INFO]: [Shaders] OpenGL Version: 4.6.0 NVIDIA 531.18
[03:11:02] [Client thread/INFO]: [Shaders] Vendor:  NVIDIA Corporation
[03:11:02] [Client thread/INFO]: [Shaders] Renderer: NVIDIA GeForce GTX 1660/PCIe/SSE2
[03:11:02] [Client thread/INFO]: [Shaders] Capabilities:  2.0  2.1  3.0  3.2  4.0 
[03:11:02] [Client thread/INFO]: [Shaders] GL_MAX_DRAW_BUFFERS: 8
[03:11:02] [Client thread/INFO]: [Shaders] GL_MAX_COLOR_ATTACHMENTS_EXT: 8
[03:11:02] [Client thread/INFO]: [Shaders] GL_MAX_TEXTURE_IMAGE_UNITS: 32
[03:11:02] [Client thread/INFO]: [Shaders] Load shaders configuration.
[03:11:02] [Client thread/INFO]: [Shaders] Loaded shaderpack: ComplementaryShaders_v4.0.2.zip
[03:11:02] [Client thread/INFO]: [OptiFine] [Shaders] Worlds: -31, -30, -29, -28, -27, -23, -1, 1, 2, 5, 7, 10, 17, 20, 50, 51, 52, 53
[03:11:02] [VersionCheck/INFO]: [OptiFine] Version found: M5
[03:11:19] [Client thread/INFO]: [OptiFine] (Reflector) Class not present: net.minecraftforge.fml.common.Loader
[03:11:19] [Client thread/INFO]: [OptiFine] [Shaders] Parsing block mappings: /shaders/block.properties
[03:11:19] [Client thread/WARN]: [OptiFine] [Shaders] Invalid block ID mapping: block.12345=
[03:11:19] [Client thread/WARN]: [OptiFine] Shaders: Block not found for name: biomesoplenty:blood
[03:11:19] [Client thread/WARN]: [OptiFine] Shaders: Block not found for name: biomesoplenty:poison
[03:11:19] [Client thread/WARN]: [OptiFine] Shaders: Block not found for name: biomesoplenty:hot_spring_water
[03:11:19] [Client thread/WARN]: [OptiFine] Shaders: Block not found for name: ic2:heavy_water
[03:11:19] [Client thread/WARN]: [OptiFine] Shaders: Block not found for name: ic2:distilled_water
[03:11:19] [Client thread/WARN]: [OptiFine] Shaders: Block not found for name: ic2:hot_water
[03:11:19] [Client thread/WARN]: [OptiFine] [Shaders] Invalid block ID mapping: block.888=biomesoplenty:blood biomesoplenty:poison biomesoplenty:hot_spring_water ic2:heavy_water ic2:distilled_water ic2:hot_water
[03:11:19] [Client thread/WARN]: [OptiFine] Shaders: Block not found for name: thebetweenlands:swamp_water
[03:11:19] [Client thread/WARN]: [OptiFine] Shaders: Block not found for name: thebetweenlands:stagnant_water
[03:11:19] [Client thread/WARN]: [OptiFine] Shaders: Block not found for name: midnight:dark_water
[03:11:19] [Client thread/WARN]: [OptiFine] [Shaders] Invalid block ID mapping: block.889=thebetweenlands:swamp_water thebetweenlands:stagnant_water midnight:dark_water
[03:11:19] [Client thread/WARN]: [OptiFine] Shaders: Block not found for name: biomesoplenty:plant_0
[03:11:19] [Client thread/WARN]: [OptiFine] Shaders: Block not found for name: biomesoplenty:plant_1
[03:11:19] [Client thread/WARN]: [OptiFine] Shaders: Block not found for name: atum:oasis_grass
[03:11:19] [Client thread/WARN]: [OptiFine] Shaders: Block not found for name: atum:dead_grass
[03:11:19] [Client thread/WARN]: [OptiFine] Shaders: Block not found for name: atum:shrub
[03:11:19] [Client thread/WARN]: [OptiFine] Shaders: Block not found for name: atum:weed
[03:11:19] [Client thread/WARN]: [OptiFine] Shaders: Block not found for name: thebetweenlands:blue_eyed_grass
[03:11:19] [Client thread/WARN]: [OptiFine] Shaders: Block not found for name: thebetweenlands:bottle_brush_grass
[03:11:19] [Client thread/WARN]: [OptiFine] Shaders: Block not found for name: thebetweenlands:cave_grass
[03:11:19] [Client thread/WARN]: [OptiFine] Shaders: Block not found for name: thebetweenlands:swamp_tallgrass
[03:11:19] [Client thread/WARN]: [OptiFine] Shaders: Block not found for name: thebetweenlands:pale_grass
[03:11:19] [Client thread/WARN]: [OptiFine] Shaders: Block not found for name: xlfoodmod:grass
[03:11:19] [Client thread/WARN]: [OptiFine] Shaders: Block not found for name: midnight:fingered_grass
[03:11:19] [Client thread/WARN]: [OptiFine] Shaders: Block not found for name: midnight:tall_midnight_grass
[03:11:19] [Client thread/WARN]: [OptiFine] Shaders: Block not found for name: tconstruct:slime_grass_tall
[03:11:19] [Client thread/WARN]: [OptiFine] Shaders: Block not found for name: pvj:short_grass
[03:11:19] [Client thread/WARN]: [OptiFine] Shaders: Block not found for name: pvj:chickenweed
[03:11:19] [Client thread/WARN]: [OptiFine] Shaders: Block not found for name: pvj:clovers
[03:11:19] [Client thread/WARN]: [OptiFine] Shaders: Block not found for name: pvj:crabgrass
[03:11:19] [Client thread/WARN]: [OptiFine] Shaders: Block not found for name: pvj:beach_grass
[03:11:19] [Client thread/WARN]: [OptiFine] Shaders: Block not found for name: pvj:sea_oats
[03:11:19] [Client thread/WARN]: [OptiFine] Shaders: Block not found for name: pvj:cattail
[03:11:19] [Client thread/WARN]: [OptiFine] Shaders: Block not found for name: biomesoplenty:coral
[03:11:19] [Client thread/WARN]: [OptiFine] Shaders: Block not found for name: coralreef:coral
[03:11:19] [Client thread/WARN]: [OptiFine] Shaders: Block not found for name: biomesoplenty:seaweed
[03:11:19] [Client thread/WARN]: [OptiFine] Shaders: Block not found for name: biomesoplenty:flower_0
[03:11:19] [Client thread/WARN]: [OptiFine] Shaders: Block not found for name: aether_legacy:purple_flower
[03:11:19] [Client thread/WARN]: [OptiFine] Shaders: Block not found for name: aether_legacy:white_flower
[03:11:19] [Client thread/WARN]: [OptiFine] Shaders: Block not found for name: twilightforest:twilight_plant
[03:11:19] [Client thread/WARN]: [OptiFine] Shaders: Block not found for name: minecraftfuture:flowerblack
[03:11:19] [Client thread/WARN]: [OptiFine] Shaders: Block not found for name: minecraftfuture:flowerblue
[03:11:19] [Client thread/WARN]: [OptiFine] Shaders: Block not found for name: minecraftfuture:flowerwhite
[03:11:19] [Client thread/WARN]: [OptiFine] Shaders: Block not found for name: dungeontactics:flower_feather
[03:11:19] [Client thread/WARN]: [OptiFine] Shaders: Block not found for name: dungeontactics:flower_fade
[03:11:19] [Client thread/WARN]: [OptiFine] Shaders: Block not found for name: dungeontactics:flower_ailment
[03:11:19] [Client thread/WARN]: [OptiFine] Shaders: Block not found for name: dungeontactics:flower_tangle
[03:11:19] [Client thread/WARN]: [OptiFine] Shaders: Block not found for name: dungeontactics:flower_cinder
[03:11:19] [Client thread/WARN]: [OptiFine] Shaders: Block not found for name: dungeontactics:flower_bark
[03:11:19] [Client thread/WARN]: [OptiFine] Shaders: Block not found for name: dungeontactics:flower_bramble
[03:11:19] [Client thread/WARN]: [OptiFine] Shaders: Block not found for name: dungeontactics:flower_xp
[03:11:19] [Client thread/WARN]: [OptiFine] Shaders: Block not found for name: dungeontactics:flower_sanguine
[03:11:19] [Client thread/WARN]: [OptiFine] Shaders: Block not found for name: futuremc:sweet_berry_bush
[03:11:19] [Client thread/WARN]: [OptiFine] Shaders: Block not found for name: harvestcraft:shadedgarden
[03:11:19] [Client thread/WARN]: [OptiFine] Shaders: Block not found for name: extrautils2:ironwood_sapling
[03:11:19] [Client thread/WARN]: [OptiFine] Shaders: Block not found for name: biomesoplenty:sapling_0
[03:11:19] [Client thread/WARN]: [OptiFine] Shaders: Block not found for name: biomesoplenty:sapling_1
[03:11:19] [Client thread/WARN]: [OptiFine] Shaders: Block not found for name: biomesoplenty:sapling_2
[03:11:19] [Client thread/WARN]: [OptiFine] Shaders: Block not found for name: tconstruct:slime_sapling
[03:11:19] [Client thread/WARN]: [OptiFine] Shaders: Block not found for name: ic2:sapling
[03:11:19] [Client thread/WARN]: [OptiFine] Shaders: Block not found for name: twilightforest:twilight_sapling
[03:11:19] [Client thread/WARN]: [OptiFine] Shaders: Block not found for name: midnight:shadowroot_sapling
[03:11:19] [Client thread/WARN]: [OptiFine] Shaders: Block not found for name: midnight:dark_willow_sapling
[03:11:19] [Client thread/WARN]: [OptiFine] Shaders: Block not found for name: aether_legacy:golden_oak_sapling
[03:11:19] [Client thread/WARN]: [OptiFine] Shaders: Block not found for name: aether_legacy:skyroot_sapling
[03:11:19] [Client thread/WARN]: [OptiFine] Shaders: Block not found for name: harvestcraft:fig_sapling
[03:11:19] [Client thread/WARN]: [OptiFine] Shaders: Block not found for name: harvestcraft:date_sapling
[03:11:19] [Client thread/WARN]: [OptiFine] Shaders: Block not found for name: harvestcraft:papaya_sapling
[03:11:19] [Client thread/WARN]: [OptiFine] Shaders: Block not found for name: harvestcraft:cherry_sapling
[03:11:19] [Client thread/WARN]: [OptiFine] Shaders: Block not found for name: harvestcraft:soursop_sapling
[03:11:19] [Client thread/WARN]: [OptiFine] Shaders: Block not found for name: harvestcraft:dragonfruit_sapling
[03:11:19] [Client thread/WARN]: [OptiFine] Shaders: Block not found for name: harvestcraft:rambutan_sapling
[03:11:19] [Client thread/WARN]: [OptiFine] Shaders: Block not found for name: harvestcraft:jackfruit_sapling
[03:11:19] [Client thread/WARN]: [OptiFine] Shaders: Block not found for name: harvestcraft:passionfruit_sapling
[03:11:19] [Client thread/WARN]: [OptiFine] Shaders: Block not found for name: harvestcraft:apple_sapling
[03:11:19] [Client thread/WARN]: [OptiFine] Shaders: Block not found for name: harvestcraft:lemon_sapling
[03:11:19] [Client thread/WARN]: [OptiFine] Shaders: Block not found for name: harvestcraft:pear_sapling
[03:11:19] [Client thread/WARN]: [OptiFine] Shaders: Block not found for name: harvestcraft:plum_sapling
[03:11:19] [Client thread/WARN]: [OptiFine] Shaders: Block not found for name: harvestcraft:banana_sapling
[03:11:19] [Client thread/WARN]: [OptiFine] Shaders: Block not found for name: harvestcraft:starfruit_sapling
[03:11:19] [Client thread/WARN]: [OptiFine] Shaders: Block not found for name: harvestcraft:vanillabean_sapling
[03:11:19] [Client thread/WARN]: [OptiFine] Shaders: Block not found for name: harvestcraft:cashew_sapling
[03:11:19] [Client thread/WARN]: [OptiFine] Shaders: Block not found for name: harvestcraft:pomegranate_sapling
[03:11:19] [Client thread/WARN]: [OptiFine] Shaders: Block not found for name: harvestcraft:grapefruit_sapling
[03:11:19] [Client thread/WARN]: [OptiFine] Shaders: Block not found for name: harvestcraft:spiderweb_sapling
[03:11:19] [Client thread/WARN]: [OptiFine] Shaders: Block not found for name: harvestcraft:olive_sapling
[03:11:19] [Client thread/WARN]: [OptiFine] Shaders: Block not found for name: harvestcraft:avocado_sapling
[03:11:19] [Client thread/WARN]: [OptiFine] Shaders: Block not found for name: harvestcraft:pecan_sapling
[03:11:19] [Client thread/WARN]: [OptiFine] Shaders: Block not found for name: harvestcraft:pistachio_sapling
[03:11:19] [Client thread/WARN]: [OptiFine] Shaders: Block not found for name: harvestcraft:hazelnut_sapling
[03:11:19] [Client thread/WARN]: [OptiFine] Shaders: Block not found for name: harvestcraft:lime_sapling
[03:11:19] [Client thread/WARN]: [OptiFine] Shaders: Block not found for name: harvestcraft:peppercorn_sapling
[03:11:19] [Client thread/WARN]: [OptiFine] Shaders: Block not found for name: harvestcraft:almond_sapling
[03:11:19] [Client thread/WARN]: [OptiFine] Shaders: Block not found for name: harvestcraft:gooseberry_sapling
[03:11:19] [Client thread/WARN]: [OptiFine] Shaders: Block not found for name: harvestcraft:peach_sapling
[03:11:19] [Client thread/WARN]: [OptiFine] Shaders: Block not found for name: harvestcraft:persimmon_sapling
[03:11:19] [Client thread/WARN]: [OptiFine] Shaders: Block not found for name: harvestcraft:lychee_sapling
[03:11:19] [Client thread/WARN]: [OptiFine] Shaders: Block not found for name: harvestcraft:walnut_sapling
[03:11:19] [Client thread/WARN]: [OptiFine] Shaders: Block not found for name: harvestcraft:orange_sapling
[03:11:19] [Client thread/WARN]: [OptiFine] Shaders: Block not found for name: harvestcraft:apricot_sapling
[03:11:19] [Client thread/WARN]: [OptiFine] Shaders: Block not found for name: harvestcraft:mango_sapling
[03:11:19] [Client thread/WARN]: [OptiFine] Shaders: Block not found for name: harvestcraft:coconut_sapling
[03:11:19] [Client thread/WARN]: [OptiFine] Shaders: Block not found for name: harvestcraft:pawpaw_sapling
[03:11:19] [Client thread/WARN]: [OptiFine] Shaders: Block not found for name: harvestcraft:chestnut_sapling
[03:11:19] [Client thread/WARN]: [OptiFine] Shaders: Block not found for name: harvestcraft:guava_sapling
[03:11:19] [Client thread/WARN]: [OptiFine] Shaders: Block not found for name: harvestcraft:breadfruit_sapling
[03:11:19] [Client thread/WARN]: [OptiFine] Shaders: Block not found for name: harvestcraft:nutmeg_sapling
[03:11:19] [Client thread/WARN]: [OptiFine] Shaders: Block not found for name: harvestcraft:durian_sapling
[03:11:19] [Client thread/WARN]: [OptiFine] Shaders: Block not found for name: harvestcraft:tamarind_sapling
[03:11:19] [Client thread/WARN]: [OptiFine] Shaders: Block not found for name: harvestcraft:cinnamon_sapling
[03:11:19] [Client thread/WARN]: [OptiFine] Shaders: Block not found for name: harvestcraft:maple_sapling
[03:11:19] [Client thread/WARN]: [OptiFine] Shaders: Block not found for name: harvestcraft:paperbark_sapling
[03:11:19] [Client thread/WARN]: [OptiFine] Shaders: Block not found for name: harvestcraft:frostgarden
[03:11:19] [Client thread/WARN]: [OptiFine] Shaders: Block not found for name: futuremc:cornflower
[03:11:19] [Client thread/WARN]: [OptiFine] Shaders: Block not found for name: xlfoodmod:vanilla_flower
[03:11:19] [Client thread/WARN]: [OptiFine] Shaders: Block not found for name: zawa:temple_bells
[03:11:19] [Client thread/WARN]: [OptiFine] Shaders: Block not found for name: zawa:bellflowers
[03:11:19] [Client thread/WARN]: [OptiFine] Shaders: Block not found for name: rustic:wind_thistle
[03:11:19] [Client thread/WARN]: [OptiFine] Shaders: Block not found for name: botania:flower
[03:11:19] [Client thread/WARN]: [OptiFine] Shaders: Block not found for name: harvestcraft:windygarden
[03:11:19] [Client thread/WARN]: [OptiFine] Shaders: Block not found for name: rustic:aloe_vera
[03:11:19] [Client thread/WARN]: [OptiFine] Shaders: Block not found for name: zawa:legume
[03:11:19] [Client thread/WARN]: [OptiFine] Shaders: Block not found for name: zawa:maireana
[03:11:19] [Client thread/WARN]: [OptiFine] Shaders: Block not found for name: zawa:bassia
[03:11:19] [Client thread/WARN]: [OptiFine] Shaders: Block not found for name: rustic:chamomile
[03:11:19] [Client thread/WARN]: [OptiFine] Shaders: Block not found for name: rustic:horsetail
[03:11:19] [Client thread/WARN]: [OptiFine] Shaders: Block not found for name: rustic:ginseng
[03:11:19] [Client thread/WARN]: [OptiFine] Shaders: Block not found for name: ebwizardry:crystal_flower
[03:11:19] [Client thread/WARN]: [OptiFine] Shaders: Block not found for name: zawa:spleenwort
[03:11:19] [Client thread/WARN]: [OptiFine] Shaders: Block not found for name: zawa:ostritch_fern
[03:11:19] [Client thread/WARN]: [OptiFine] Shaders: Block not found for name: harvestcraft:soggygarden
[03:11:19] [Client thread/WARN]: [OptiFine] Shaders: Block not found for name: zawa:bromeliad
[03:11:19] [Client thread/WARN]: [OptiFine] Shaders: Block not found for name: rustic:marsh_mallow
[03:11:19] [Client thread/WARN]: [OptiFine] Shaders: Block not found for name: rustic:mooncap_mushroom
[03:11:19] [Client thread/WARN]: [OptiFine] Shaders: Block not found for name: harvestcraft:tropicalgarden
[03:11:19] [Client thread/WARN]: [OptiFine] Shaders: Block not found for name: zawa:golden_sparks
[03:11:19] [Client thread/WARN]: [OptiFine] Shaders: Block not found for name: rustic:cohosh
[03:11:19] [Client thread/WARN]: [OptiFine] Shaders: Block not found for name: zawa:peach_flower
[03:11:19] [Client thread/WARN]: [OptiFine] Shaders: Block not found for name: biomesoplenty:mushroom
[03:11:19] [Client thread/WARN]: [OptiFine] Shaders: Block not found for name: astralsorcery:blockcustomflower
[03:11:19] [Client thread/WARN]: [OptiFine] Shaders: Block not found for name: harvestcraft:aridgarden
[03:11:19] [Client thread/WARN]: [OptiFine] Shaders: Block not found for name: biomesoplenty:flower_1
[03:11:19] [Client thread/WARN]: [OptiFine] Shaders: Block not found for name: rustic:blood_orchid
[03:11:19] [Client thread/WARN]: [OptiFine] Shaders: Block not found for name: rustic:cloudsbluff
[03:11:19] [Client thread/WARN]: [OptiFine] Shaders: Block not found for name: forestry:sapling_ge
[03:11:19] [Client thread/WARN]: [OptiFine] Shaders: Block not found for name: pvj:silverleaf
[03:11:19] [Client thread/WARN]: [OptiFine] Shaders: Block not found for name: pvj:frost_lotus
[03:11:19] [Client thread/WARN]: [OptiFine] Shaders: Block not found for name: pvj:deathcap
[03:11:19] [Client thread/WARN]: [OptiFine] Shaders: Block not found for name: pvj:orange_mushroom
[03:11:19] [Client thread/WARN]: [OptiFine] Shaders: Block not found for name: pvj:waxcap
[03:11:19] [Client thread/WARN]: [OptiFine] Shaders: Block not found for name: pvj:glowcap
[03:11:19] [Client thread/WARN]: [OptiFine] Shaders: Block not found for name: pvj:small_cactus
[03:11:19] [Client thread/WARN]: [OptiFine] Shaders: Block not found for name: pvj:sundew
[03:11:19] [Client thread/WARN]: [OptiFine] Shaders: Block not found for name: iceandfire:fire_lily
[03:11:19] [Client thread/WARN]: [OptiFine] Shaders: Block not found for name: iceandfire:frost_lily
[03:11:19] [Client thread/WARN]: [OptiFine] Shaders: Block not found for name: pvj:flower_patch
[03:11:19] [Client thread/WARN]: [OptiFine] Shaders: Block not found for name: betteranimalsplus:trillium
[03:11:19] [Client thread/WARN]: [OptiFine] Shaders: Block not found for name: mod_lavacow:cordy_shroom
[03:11:19] [Client thread/WARN]: [OptiFine] Shaders: Block not found for name: mod_lavacow:veil_shroom
[03:11:19] [Client thread/WARN]: [OptiFine] Shaders: Block not found for name: minecraft:beetroots
[03:11:19] [Client thread/WARN]: [OptiFine] Shaders: Block not found for name: pvj:wild_wheat
[03:11:19] [Client thread/WARN]: [OptiFine] Shaders: Block not found for name: pvj:wild_potato
[03:11:19] [Client thread/WARN]: [OptiFine] Shaders: Block not found for name: pvj:wild_beetroot
[03:11:19] [Client thread/WARN]: [OptiFine] Shaders: Block not found for name: pvj:wild_carrot
[03:11:19] [Client thread/WARN]: [OptiFine] Shaders: Block not found for name: thebetweenlands:swamp_double_tallgrass
[03:11:19] [Client thread/WARN]: [OptiFine] Shaders: Block not found for name: thebetweenlands:tall_cattail
[03:11:19] [Client thread/WARN]: [OptiFine] Shaders: Block not found for name: midnight:double_midnight_grass
[03:11:19] [Client thread/WARN]: [OptiFine] Shaders: Block not found for name: zawa:eucalyptus_top
[03:11:19] [Client thread/WARN]: [OptiFine] Shaders: Block not found for name: botania:doubleflower1
[03:11:19] [Client thread/WARN]: [OptiFine] Shaders: Block not found for name: botania:doubleflower2
[03:11:19] [Client thread/WARN]: [OptiFine] Shaders: Block not found for name: zawa:karvy_top
[03:11:19] [Client thread/WARN]: [OptiFine] Shaders: Block not found for name: thebetweenlands:swamp_double_tallgrass
[03:11:19] [Client thread/WARN]: [OptiFine] Shaders: Block not found for name: thebetweenlands:tall_cattail
[03:11:19] [Client thread/WARN]: [OptiFine] Shaders: Block not found for name: midnight:double_midnight_grass
[03:11:19] [Client thread/WARN]: [OptiFine] Shaders: Block not found for name: zawa:eucalyptus_bottom
[03:11:19] [Client thread/WARN]: [OptiFine] Shaders: Block not found for name: botania:doubleflower1
[03:11:19] [Client thread/WARN]: [OptiFine] Shaders: Block not found for name: botania:doubleflower2
[03:11:19] [Client thread/WARN]: [OptiFine] Shaders: Block not found for name: zawa:karvy_bottom
[03:11:19] [Client thread/WARN]: [OptiFine] Shaders: Block not found for name: biomesoplenty:leaves_0
[03:11:19] [Client thread/WARN]: [OptiFine] Shaders: Block not found for name: biomesoplenty:leaves_1
[03:11:19] [Client thread/WARN]: [OptiFine] Shaders: Block not found for name: biomesoplenty:leaves_2
[03:11:19] [Client thread/WARN]: [OptiFine] Shaders: Block not found for name: biomesoplenty:leaves_3
[03:11:19] [Client thread/WARN]: [OptiFine] Shaders: Block not found for name: biomesoplenty:leaves_4
[03:11:19] [Client thread/WARN]: [OptiFine] Shaders: Block not found for name: biomesoplenty:leaves_5
[03:11:19] [Client thread/WARN]: [OptiFine] Shaders: Block not found for name: atum:palm_leaves
[03:11:19] [Client thread/WARN]: [OptiFine] Shaders: Block not found for name: atum:deadwood_leaves
[03:11:19] [Client thread/WARN]: [OptiFine] Shaders: Block not found for name: quark:variant_leaves
[03:11:19] [Client thread/WARN]: [OptiFine] Shaders: Block not found for name: twilightforest:twilight_leaves
[03:11:19] [Client thread/WARN]: [OptiFine] Shaders: Block not found for name: twilightforest:magic_leaves
[03:11:19] [Client thread/WARN]: [OptiFine] Shaders: Block not found for name: twilightforest:twilight_leaves_3
[03:11:19] [Client thread/WARN]: [OptiFine] Shaders: Block not found for name: twilightforest:dark_leaves
[03:11:19] [Client thread/WARN]: [OptiFine] Shaders: Block not found for name: twilightforest:giant_leaves
[03:11:19] [Client thread/WARN]: [OptiFine] Shaders: Block not found for name: midnight:shadowroot_leaves
[03:11:19] [Client thread/WARN]: [OptiFine] Shaders: Block not found for name: midnight:dark_willow_leaves
[03:11:19] [Client thread/WARN]: [OptiFine] Shaders: Block not found for name: aether_legacy:aether_leaves
[03:11:19] [Client thread/WARN]: [OptiFine] Shaders: Block not found for name: aether_legacy:crystal_leaves
[03:11:19] [Client thread/WARN]: [OptiFine] Shaders: Block not found for name: dynamictrees:leaves0
[03:11:19] [Client thread/WARN]: [OptiFine] Shaders: Block not found for name: dynamictrees:leaves1
[03:11:19] [Client thread/WARN]: [OptiFine] Shaders: Block not found for name: betterwithmods:blood_leaves
[03:11:19] [Client thread/WARN]: [OptiFine] Shaders: Block not found for name: rustic:leaves
[03:11:19] [Client thread/WARN]: [OptiFine] Shaders: Block not found for name: thebetweenlands:leaves_weedwood_tree
[03:11:19] [Client thread/WARN]: [OptiFine] Shaders: Block not found for name: thebetweenlands:leaves_sap_tree
[03:11:19] [Client thread/WARN]: [OptiFine] Shaders: Block not found for name: thebetweenlands:leaves_rubber_tree
[03:11:19] [Client thread/WARN]: [OptiFine] Shaders: Block not found for name: thebetweenlands:leaves_hearthgrove_tree
[03:11:19] [Client thread/WARN]: [OptiFine] Shaders: Block not found for name: thebetweenlands:leaves_nibbletwig_tree
[03:11:19] [Client thread/WARN]: [OptiFine] Shaders: Block not found for name: thebetweenlands:leaves_spirit_tree_top
[03:11:19] [Client thread/WARN]: [OptiFine] Shaders: Block not found for name: thebetweenlands:leaves_spirit_tree_middle
[03:11:19] [Client thread/WARN]: [OptiFine] Shaders: Block not found for name: thebetweenlands:leaves_spirit_tree_bottom
[03:11:19] [Client thread/WARN]: [OptiFine] Shaders: Block not found for name: ic2:leaves
[03:11:19] [Client thread/WARN]: [OptiFine] Shaders: Block not found for name: tconstruct:slime_leaves
[03:11:19] [Client thread/WARN]: [OptiFine] Shaders: Block not found for name: forestry:leaves
[03:11:19] [Client thread/WARN]: [OptiFine] Shaders: Block not found for name: pvj:leaves_willow
[03:11:19] [Client thread/WARN]: [OptiFine] Shaders: Block not found for name: pvj:leaves_mangrove
[03:11:19] [Client thread/WARN]: [OptiFine] Shaders: Block not found for name: pvj:leaves_palm
[03:11:19] [Client thread/WARN]: [OptiFine] Shaders: Block not found for name: pvj:leaves_redwood
[03:11:19] [Client thread/WARN]: [OptiFine] Shaders: Block not found for name: pvj:leaves_fir
[03:11:19] [Client thread/WARN]: [OptiFine] Shaders: Block not found for name: pvj:leaves_pine
[03:11:19] [Client thread/WARN]: [OptiFine] Shaders: Block not found for name: pvj:leaves_aspen
[03:11:19] [Client thread/WARN]: [OptiFine] Shaders: Block not found for name: pvj:leaves_red_maple
[03:11:19] [Client thread/WARN]: [OptiFine] Shaders: Block not found for name: pvj:leaves_orange_maple
[03:11:19] [Client thread/WARN]: [OptiFine] Shaders: Block not found for name: pvj:leaves_baobab
[03:11:19] [Client thread/WARN]: [OptiFine] Shaders: Block not found for name: pvj:leaves_cottonwood
[03:11:19] [Client thread/WARN]: [OptiFine] Shaders: Block not found for name: pvj:leaves_juniper
[03:11:19] [Client thread/WARN]: [OptiFine] Shaders: Block not found for name: pvj:leaves_juniper_berried
[03:11:19] [Client thread/WARN]: [OptiFine] Shaders: Block not found for name: pvj:leaves_white_cherry_blossom
[03:11:19] [Client thread/WARN]: [OptiFine] Shaders: Block not found for name: pvj:leaves_pink_cherry_blossom
[03:11:19] [Client thread/WARN]: [OptiFine] Shaders: Block not found for name: pvj:leaves_jacaranda
[03:11:19] [Client thread/WARN]: [OptiFine] Shaders: Block not found for name: tconstruct:slime_vine_purple_mid
[03:11:19] [Client thread/WARN]: [OptiFine] Shaders: Block not found for name: tconstruct:slime_vine_purple
[03:11:19] [Client thread/WARN]: [OptiFine] Shaders: Block not found for name: tconstruct:slime_vine_purple_end
[03:11:19] [Client thread/WARN]: [OptiFine] Shaders: Block not found for name: tconstruct:slime_vine_blue
[03:11:19] [Client thread/WARN]: [OptiFine] Shaders: Block not found for name: tconstruct:slime_vine_blue_mid
[03:11:19] [Client thread/WARN]: [OptiFine] Shaders: Block not found for name: tconstruct:slime_vine_blue_end
[03:11:19] [Client thread/WARN]: [OptiFine] Shaders: Block not found for name: biomesoplenty:willow_vine
[03:11:19] [Client thread/WARN]: [OptiFine] Shaders: Block not found for name: tconstruct:slime_vine_blue
[03:11:19] [Client thread/WARN]: [OptiFine] Shaders: Block not found for name: tconstruct:slime_vine_blue_mid
[03:11:19] [Client thread/WARN]: [OptiFine] Shaders: Block not found for name: tconstruct:slime_vine_blue_end
[03:11:19] [Client thread/WARN]: [OptiFine] Shaders: Block not found for name: biomesoplenty:willow_vine
[03:11:19] [Client thread/WARN]: [OptiFine] Shaders: Block not found for name: biomesoplenty:ivy
[03:11:19] [Client thread/WARN]: [OptiFine] Shaders: Block not found for name: iceandfire:myrmex_desert_biolight
[03:11:19] [Client thread/WARN]: [OptiFine] Shaders: Block not found for name: iceandfire:myrmex_jungle_biolight
[03:11:19] [Client thread/WARN]: [OptiFine] Shaders: Block not found for name: pvj:frogbit
[03:11:19] [Client thread/WARN]: [OptiFine] Shaders: Block not found for name: pvj:duckweed
[03:11:19] [Client thread/WARN]: [OptiFine] Shaders: Block not found for name: biomesoplenty:waterlily
[03:11:19] [Client thread/WARN]: [OptiFine] Shaders: Block not found for name: xreliquary:fertile_lilypad
[03:11:19] [Client thread/WARN]: [OptiFine] Shaders: Block not found for name: 113_water_mechanics:downwards_bubble_column
[03:11:19] [Client thread/WARN]: [OptiFine] Shaders: Block not found for name: 113_water_mechanics:upwards_bubble_column
[03:11:19] [Client thread/WARN]: [OptiFine] Shaders: Block not found for name: bubble_elevator:bubble_column
[03:11:19] [Client thread/WARN]: [OptiFine] Shaders: Block not found for name: magma_bubble_column:magma_bubble_column
[03:11:19] [Client thread/WARN]: [OptiFine] Shaders: Block not found for name: minecraft:end_gateway
[03:11:19] [Client thread/WARN]: [OptiFine] Shaders: Block not found for name: minecraft:grass_path
[03:11:19] [Client thread/WARN]: [OptiFine] Shaders: Block not found for name: minecraft:mossy_cobblestone_stairs
[03:11:19] [Client thread/WARN]: [OptiFine] Shaders: Block not found for name: minecraft:mossy_cobblestone_wall
[03:11:19] [Client thread/WARN]: [OptiFine] Shaders: Block not found for name: minecraft:purpur_block
[03:11:19] [Client thread/WARN]: [OptiFine] Shaders: Block not found for name: minecraft:purpur_pillar
[03:11:19] [Client thread/WARN]: [OptiFine] Shaders: Block not found for name: minecraft:purpur_stairs
[03:11:19] [Client thread/WARN]: [OptiFine] Shaders: Block not found for name: minecraft:purpur_slab
[03:11:19] [Client thread/WARN]: [OptiFine] Shaders: Block not found for name: minecraft:purpur_double_slab
[03:11:19] [Client thread/WARN]: [OptiFine] Shaders: Block not found for name: minecraft:bone_block
[03:11:19] [Client thread/WARN]: [OptiFine] Shaders: Block not found for name: minecraft:red_nether_brick
[03:11:19] [Client thread/WARN]: [OptiFine] Shaders: Block not found for name: minecraft:chorus_plant
[03:11:19] [Client thread/WARN]: [OptiFine] Shaders: Block not found for name: minecraft:chorus_flower
[03:11:19] [Client thread/WARN]: [OptiFine] [Shaders] Invalid block ID mapping: block.10220=minecraft:chorus_plant minecraft:chorus_flower:age=5
[03:11:19] [Client thread/WARN]: [OptiFine] Shaders: Block not found for name: minecraft:chorus_flower
[03:11:19] [Client thread/WARN]: [OptiFine] Shaders: Block not found for name: minecraft:chorus_flower
[03:11:19] [Client thread/WARN]: [OptiFine] Shaders: Block not found for name: minecraft:chorus_flower
[03:11:19] [Client thread/WARN]: [OptiFine] Shaders: Block not found for name: minecraft:chorus_flower
[03:11:19] [Client thread/WARN]: [OptiFine] Shaders: Block not found for name: minecraft:chorus_flower
[03:11:19] [Client thread/WARN]: [OptiFine] [Shaders] Invalid block ID mapping: block.10221=minecraft:chorus_flower:age=0 minecraft:chorus_flower:age=1 minecraft:chorus_flower:age=2 minecraft:chorus_flower:age=3 minecraft:chorus_flower:age=4
[03:11:19] [Client thread/WARN]: [OptiFine] Shaders: Block not found for name: minecraft:end_bricks
[03:11:19] [Client thread/WARN]: [OptiFine] Shaders: Block not found for name: minecraft:carved_pumpkin
[03:11:19] [Client thread/WARN]: [OptiFine] Shaders: Block not found for name: minecraft:concrete
[03:11:19] [Client thread/WARN]: [OptiFine] [Shaders] Invalid block ID mapping: block.10224=minecraft:concrete
[03:11:19] [Client thread/WARN]: [OptiFine] Shaders: Block not found for name: minecraft:concrete_powder
[03:11:19] [Client thread/WARN]: [OptiFine] [Shaders] Invalid block ID mapping: block.10225=minecraft:concrete_powder
[03:11:19] [Client thread/WARN]: [OptiFine] Shaders: Block not found for name: minecraft:target
[03:11:19] [Client thread/WARN]: [OptiFine] Shaders: Block not found for name: minecraft:white_glazed_terracotta
[03:11:19] [Client thread/WARN]: [OptiFine] Shaders: Block not found for name: minecraft:orange_glazed_terracotta
[03:11:19] [Client thread/WARN]: [OptiFine] Shaders: Block not found for name: minecraft:magenta_glazed_terracotta
[03:11:19] [Client thread/WARN]: [OptiFine] Shaders: Block not found for name: minecraft:light_blue_glazed_terracotta
[03:11:19] [Client thread/WARN]: [OptiFine] Shaders: Block not found for name: minecraft:yellow_glazed_terracotta
[03:11:19] [Client thread/WARN]: [OptiFine] Shaders: Block not found for name: minecraft:lime_glazed_terracotta
[03:11:19] [Client thread/WARN]: [OptiFine] Shaders: Block not found for name: minecraft:pink_glazed_terracotta
[03:11:19] [Client thread/WARN]: [OptiFine] Shaders: Block not found for name: minecraft:gray_glazed_terracotta
[03:11:19] [Client thread/WARN]: [OptiFine] Shaders: Block not found for name: minecraft:light_gray_glazed_terracotta
[03:11:19] [Client thread/WARN]: [OptiFine] Shaders: Block not found for name: minecraft:cyan_glazed_terracotta
[03:11:19] [Client thread/WARN]: [OptiFine] Shaders: Block not found for name: minecraft:purple_glazed_terracotta
[03:11:19] [Client thread/WARN]: [OptiFine] Shaders: Block not found for name: minecraft:blue_glazed_terracotta
[03:11:19] [Client thread/WARN]: [OptiFine] Shaders: Block not found for name: minecraft:brown_glazed_terracotta
[03:11:19] [Client thread/WARN]: [OptiFine] Shaders: Block not found for name: minecraft:green_glazed_terracotta
[03:11:19] [Client thread/WARN]: [OptiFine] Shaders: Block not found for name: minecraft:red_glazed_terracotta
[03:11:19] [Client thread/WARN]: [OptiFine] Shaders: Block not found for name: minecraft:black_glazed_terracotta
[03:11:19] [Client thread/WARN]: [OptiFine] [Shaders] Invalid block ID mapping: block.10234=minecraft:white_glazed_terracotta minecraft:orange_glazed_terracotta minecraft:magenta_glazed_terracotta minecraft:light_blue_glazed_terracotta minecraft:yellow_glazed_terracotta minecraft:lime_glazed_terracotta minecraft:pink_glazed_terracotta minecraft:gray_glazed_terracotta minecraft:light_gray_glazed_terracotta minecraft:cyan_glazed_terracotta minecraft:purple_glazed_terracotta minecraft:blue_glazed_terracotta minecraft:brown_glazed_terracotta minecraft:green_glazed_terracotta minecraft:red_glazed_terracotta minecraft:black_glazed_terracotta
[03:11:19] [Client thread/WARN]: [OptiFine] Shaders: Block not found for name: minecraft:magma
[03:11:19] [Client thread/WARN]: [OptiFine] [Shaders] Invalid block ID mapping: block.11003=minecraft:magma
[03:11:19] [Client thread/WARN]: [OptiFine] Shaders: Block not found for name: minecraft:end_rod
[03:11:19] [Client thread/WARN]: [OptiFine] [Shaders] Invalid block ID mapping: block.11009=minecraft:end_rod
[03:11:19] [Client thread/WARN]: [OptiFine] Shaders: Block not found for name: minecraft:redstone_wall_torch
[03:11:19] [Client thread/WARN]: [OptiFine] Shaders: Block not found for name: minecraft:observer
[03:11:19] [Client thread/WARN]: [OptiFine] [Shaders] Invalid block ID mapping: block.11015=minecraft:observer
[03:11:19] [Client thread/WARN]: [OptiFine] Shaders: Block not found for name: minecraft:chain_command_block
[03:11:19] [Client thread/WARN]: [OptiFine] Shaders: Block not found for name: minecraft:repeating_command_block
[03:11:19] [Client thread/WARN]: [OptiFine] Shaders: Block not found for name: minecraft:wall_torch
[03:11:19] [Client thread/INFO]: [OptiFine] [Shaders] Parsing item mappings: /shaders/item.properties
[03:11:19] [Client thread/INFO]: [OptiFine] [Shaders] Parsing entity mappings: /shaders/entity.properties
[03:11:19] [Client thread/WARN]: [OptiFine] Shaders: Entity not found: minecraft:lightning_bolt
[03:11:19] [Client thread/WARN]: [OptiFine] [Shaders] Invalid entity ID mapping: entity.10101=minecraft:lightning_bolt
[03:11:19] [Client thread/WARN]: [OptiFine] Invalid shader option: AMBIENT_AI
[03:11:19] [Client thread/WARN]: [OptiFine] Invalid shader option: WEATHER_DR
[03:11:19] [Client thread/WARN]: [OptiFine] Invalid shader option: WEATHER_DG
[03:11:19] [Client thread/WARN]: [OptiFine] Invalid shader option: WEATHER_DB
[03:11:19] [Client thread/WARN]: [OptiFine] Invalid shader option: WEATHER_DI
[03:11:19] [Client thread/WARN]: [OptiFine] Invalid shader option: WEATHER_SR
[03:11:19] [Client thread/WARN]: [OptiFine] Invalid shader option: WEATHER_SG
[03:11:19] [Client thread/WARN]: [OptiFine] Invalid shader option: WEATHER_SB
[03:11:19] [Client thread/WARN]: [OptiFine] Invalid shader option: WEATHER_SI
[03:11:19] [Client thread/WARN]: [OptiFine] Invalid shader option: EMISSIVE_BRIGHTNESS
[03:11:19] [Client thread/INFO]: [OptiFine] (Reflector) Class not present: net.minecraftforge.fml.client.SplashProgress
[03:11:20] [Client thread/INFO]: [Shaders] Custom texture: texture.gbuffers.gaux4 = tex/galaxy.png
[03:11:20] [Client thread/INFO]: [Shaders] Custom texture: texture.composite.depthtex2 = tex/overlay.png
[03:11:20] [Client thread/INFO]: [Shaders] Custom uniform: framemod8
[03:11:20] [Client thread/INFO]: [Shaders] Custom uniform: timeAngle
[03:11:20] [Client thread/INFO]: [Shaders] Custom uniform: timeBrightness
[03:11:20] [Client thread/INFO]: [Shaders] Custom uniform: moonBrightness
[03:11:20] [Client thread/INFO]: [Shaders] Custom uniform: shadowFade
[03:11:20] [Client thread/INFO]: [Shaders] Custom uniform: rainStrengthS
[03:11:20] [Client thread/INFO]: [Shaders] Custom uniform: isDry
[03:11:20] [Client thread/WARN]: [Shaders] net.optifine.expr.ParseException: Model variable not found: biome_precipitation
[03:11:20] [Client thread/INFO]: [Shaders] Custom uniform: isRainy
[03:11:20] [Client thread/WARN]: [Shaders] net.optifine.expr.ParseException: Model variable not found: biome_precipitation
[03:11:20] [Client thread/INFO]: [Shaders] Custom uniform: isSnowy
[03:11:20] [Client thread/WARN]: [Shaders] net.optifine.expr.ParseException: Model variable not found: biome_precipitation
[03:11:20] [Client thread/INFO]: [Shaders] Custom variable: blindFactorSqrt
[03:11:20] [Client thread/INFO]: [Shaders] Custom uniform: blindFactor
[03:11:20] [Client thread/INFO]: [Shaders] Custom variable: difX
[03:11:20] [Client thread/INFO]: [Shaders] Custom variable: difY
[03:11:20] [Client thread/INFO]: [Shaders] Custom variable: difZ
[03:11:20] [Client thread/INFO]: [Shaders] Custom variable: difSum
[03:11:20] [Client thread/INFO]: [Shaders] Custom variable: moving
[03:11:20] [Client thread/INFO]: [Shaders] Custom variable: moved
[03:11:20] [Client thread/INFO]: [Shaders] Custom uniform: starter
[03:11:20] [Client thread/INFO]: [OptiFine] (Reflector) Class not present: net.minecraftforge.client.model.Attributes
[03:11:20] [Client thread/INFO]: [OptiFine] (Reflector) Class not present: net.minecraftforge.client.model.pipeline.LightUtil
[03:11:20] [Client thread/INFO]: Reloading ResourceManager: Default, !Dynamic Duo Rose Gold.zip
[03:11:20] [Client thread/INFO]: [OptiFine] (Reflector) Class not present: optifine.OptiFineClassTransformer
[03:11:20] [Client thread/INFO]: [OptiFine] *** Reloading textures ***
[03:11:20] [Client thread/INFO]: [OptiFine] Resource packs: !Dynamic Duo Rose Gold.zip
[03:11:20] [Client thread/INFO]: [OptiFine] (Reflector) Method not present: net.minecraft.client.renderer.vertex.VertexFormatElement$EnumUsage.preDraw
[03:11:20] [Client thread/INFO]: [OptiFine] (Reflector) Method not present: net.minecraft.client.renderer.vertex.VertexFormatElement$EnumUsage.postDraw
[03:11:20] [Client thread/ERROR]: Couldn't initialize twitch stream
[03:11:20] [Sound Library Loader/INFO]: Starting up SoundSystem...
[03:11:20] [Client thread/INFO]: [OptiFine] Loading mcpatcher/font/ascii.properties
[03:11:20] [Client thread/INFO]: [OptiFine] Loading mcpatcher/font/ascii_sga.properties
[03:11:20] [Thread-6/INFO]: Initializing LWJGL OpenAL
[03:11:20] [Thread-6/INFO]: (The LWJGL binding of OpenAL.  For more information, see http://www.lwjgl.org)
[03:11:20] [Thread-6/INFO]: OpenAL initialized.
[03:11:21] [Client thread/INFO]: [OptiFine] (Reflector) Class not present: net.minecraftforge.client.ForgeHooksClient
[03:11:21] [Sound Library Loader/INFO]: Sound engine started
[03:11:21] [Client thread/INFO]: [OptiFine] Mipmap levels: 4
[03:11:21] [Client thread/INFO]: [OptiFine] Multitexture: false
[03:11:21] [Client thread/INFO]: [OptiFine] ConnectedTextures: mcpatcher/ctm/glass black/glass_black.properties
[03:11:21] [Client thread/INFO]: [OptiFine] ConnectedTextures: mcpatcher/ctm/glass blue/glass_blue.properties
[03:11:21] [Client thread/INFO]: [OptiFine] ConnectedTextures: mcpatcher/ctm/glass brown/glass_brown.properties
[03:11:21] [Client thread/INFO]: [OptiFine] ConnectedTextures: mcpatcher/ctm/glass cyan/glass_cyan.properties
[03:11:21] [Client thread/INFO]: [OptiFine] ConnectedTextures: mcpatcher/ctm/glass gray/glass_gray.properties
[03:11:21] [Client thread/INFO]: [OptiFine] ConnectedTextures: mcpatcher/ctm/glass green/glass_green.properties
[03:11:21] [Client thread/INFO]: [OptiFine] ConnectedTextures: mcpatcher/ctm/glass light blue/glass_light_blue.properties
[03:11:21] [Client thread/INFO]: [OptiFine] ConnectedTextures: mcpatcher/ctm/glass lime/glass_lime.properties
[03:11:21] [Client thread/INFO]: [OptiFine] ConnectedTextures: mcpatcher/ctm/glass magenta/glass_magenta.properties
[03:11:21] [Client thread/INFO]: [OptiFine] ConnectedTextures: mcpatcher/ctm/glass orange/glass_orange.properties
[03:11:21] [Client thread/INFO]: [OptiFine] ConnectedTextures: mcpatcher/ctm/glass pink/glass_pink.properties
[03:11:21] [Client thread/INFO]: [OptiFine] ConnectedTextures: mcpatcher/ctm/glass purple/glass_purple.properties
[03:11:21] [Client thread/INFO]: [OptiFine] ConnectedTextures: mcpatcher/ctm/glass red/glass_red.properties
[03:11:21] [Client thread/INFO]: [OptiFine] ConnectedTextures: mcpatcher/ctm/glass silver/glass_silver.properties
[03:11:21] [Client thread/INFO]: [OptiFine] ConnectedTextures: mcpatcher/ctm/glass white/glass_white.properties
[03:11:21] [Client thread/INFO]: [OptiFine] ConnectedTextures: mcpatcher/ctm/glass yellow/glass_yellow.properties
[03:11:21] [Client thread/INFO]: [OptiFine] ConnectedTextures: mcpatcher/ctm/glass/Black Glass/glass_black.properties
[03:11:21] [Client thread/INFO]: [OptiFine] ConnectedTextures: mcpatcher/ctm/glass/Blue Glass/glass_blue.properties
[03:11:21] [Client thread/INFO]: [OptiFine] ConnectedTextures: mcpatcher/ctm/glass/Brown Glass/glass_brown.properties
[03:11:21] [Client thread/INFO]: [OptiFine] ConnectedTextures: mcpatcher/ctm/glass/Cyan Glass/glass_cyan.properties
[03:11:21] [Client thread/INFO]: [OptiFine] ConnectedTextures: mcpatcher/ctm/glass/Green Glass/glass_green.properties
[03:11:21] [Client thread/INFO]: [OptiFine] ConnectedTextures: mcpatcher/ctm/glass/Grey Glass/glass_gray.properties
[03:11:21] [Client thread/INFO]: [OptiFine] ConnectedTextures: mcpatcher/ctm/glass/Light Blue Glass/glass_light_blue.properties
[03:11:21] [Client thread/INFO]: [OptiFine] ConnectedTextures: mcpatcher/ctm/glass/Light Grey Glass/glass_silver.properties
[03:11:21] [Client thread/INFO]: [OptiFine] ConnectedTextures: mcpatcher/ctm/glass/Lime Glass/glass_lime.properties
[03:11:21] [Client thread/INFO]: [OptiFine] ConnectedTextures: mcpatcher/ctm/glass/Magenta Glass/glass_magenta.properties
[03:11:21] [Client thread/INFO]: [OptiFine] ConnectedTextures: mcpatcher/ctm/glass/Normal/glass.properties
[03:11:21] [Client thread/INFO]: [OptiFine] ConnectedTextures: mcpatcher/ctm/glass/Orange Glass/glass_orange.properties
[03:11:21] [Client thread/INFO]: [OptiFine] ConnectedTextures: mcpatcher/ctm/glass/Pink Glass/glass_pink.properties
[03:11:21] [Client thread/INFO]: [OptiFine] ConnectedTextures: mcpatcher/ctm/glass/Purple Glass/glass_purple.properties
[03:11:21] [Client thread/INFO]: [OptiFine] ConnectedTextures: mcpatcher/ctm/glass/Red Glass/glass_red.properties
[03:11:21] [Client thread/INFO]: [OptiFine] ConnectedTextures: mcpatcher/ctm/glass/White Glass/glass_white.properties
[03:11:21] [Client thread/INFO]: [OptiFine] ConnectedTextures: mcpatcher/ctm/glass/Yellow Glass/glass_yellow.properties
[03:11:21] [Client thread/INFO]: [OptiFine] ConnectedTextures: mcpatcher/ctm/glass/glass.properties
[03:11:21] [Client thread/INFO]: [OptiFine] ConnectedTextures: mcpatcher/ctm/glass_clear/glass.properties
[03:11:21] [Client thread/INFO]: [OptiFine] ConnectedTextures: mcpatcher/ctm/glass_stained/glass_black/glass_black.properties
[03:11:21] [Client thread/INFO]: [OptiFine] ConnectedTextures: mcpatcher/ctm/glass_stained/glass_blue/glass_blue.properties
[03:11:21] [Client thread/INFO]: [OptiFine] ConnectedTextures: mcpatcher/ctm/glass_stained/glass_brown/glass_brown.properties
[03:11:21] [Client thread/INFO]: [OptiFine] ConnectedTextures: mcpatcher/ctm/glass_stained/glass_cyan/glass_cyan.properties
[03:11:21] [Client thread/INFO]: [OptiFine] ConnectedTextures: mcpatcher/ctm/glass_stained/glass_gray/glass_gray.properties
[03:11:21] [Client thread/INFO]: [OptiFine] ConnectedTextures: mcpatcher/ctm/glass_stained/glass_green/glass_green.properties
[03:11:21] [Client thread/INFO]: [OptiFine] ConnectedTextures: mcpatcher/ctm/glass_stained/glass_light_blue/glass_light_blue.properties
[03:11:21] [Client thread/INFO]: [OptiFine] ConnectedTextures: mcpatcher/ctm/glass_stained/glass_lime/glass_lime.properties
[03:11:21] [Client thread/INFO]: [OptiFine] ConnectedTextures: mcpatcher/ctm/glass_stained/glass_magenta/glass_magenta.properties
[03:11:21] [Client thread/INFO]: [OptiFine] ConnectedTextures: mcpatcher/ctm/glass_stained/glass_orange/glass_orange.properties
[03:11:21] [Client thread/INFO]: [OptiFine] ConnectedTextures: mcpatcher/ctm/glass_stained/glass_pink/glass_pink.properties
[03:11:21] [Client thread/INFO]: [OptiFine] ConnectedTextures: mcpatcher/ctm/glass_stained/glass_purple/glass_purple.properties
[03:11:21] [Client thread/INFO]: [OptiFine] ConnectedTextures: mcpatcher/ctm/glass_stained/glass_red/glass_red.properties
[03:11:21] [Client thread/INFO]: [OptiFine] ConnectedTextures: mcpatcher/ctm/glass_stained/glass_silver/glass_silver.properties
[03:11:21] [Client thread/INFO]: [OptiFine] ConnectedTextures: mcpatcher/ctm/glass_stained/glass_white/glass_white.properties
[03:11:21] [Client thread/INFO]: [OptiFine] ConnectedTextures: mcpatcher/ctm/glass_stained/glass_yellow/glass_yellow.properties
[03:11:21] [Client thread/INFO]: [OptiFine] Multipass connected textures: false
[03:11:21] [Client thread/INFO]: [OptiFine] ConnectedTextures: mcpatcher/ctm/default/0_glass_white/glass_pane_white.properties
[03:11:21] [Client thread/INFO]: [OptiFine] ConnectedTextures: mcpatcher/ctm/default/0_glass_white/glass_white.properties
[03:11:21] [Client thread/INFO]: [OptiFine] Multipass connected textures: false
[03:11:21] [Client thread/INFO]: [OptiFine] BetterGrass: Parsing default configuration optifine/bettergrass.properties
[03:11:23] [Client thread/INFO]: Created: 4096x2048 textures-atlas
[03:11:23] [Client thread/INFO]: [Shaders] allocateTextureMap 4 4096 2048 
[03:11:23] [Client thread/INFO]: [OptiFine] Animated sprites: 19
[03:11:23] [Client thread/INFO]: [OptiFine] (Reflector) Class not present: net.minecraftforge.client.model.ModelLoader
[03:11:23] [Client thread/INFO]: [OptiFine] (Reflector) Class not present: net.minecraftforge.client.ItemModelMesherForge
[03:11:23] [Client thread/INFO]: [OptiFine] (Reflector) Class not present: net.minecraftforge.fml.client.registry.RenderingRegistry
[03:11:23] [Client thread/INFO]: [OptiFine] (Reflector) Class not present: net.minecraftforge.common.ForgeModContainer
[03:11:23] [Client thread/INFO]: Starting ViaMCP...
[03:11:24] [Via-Mappingloader-0/INFO]: Loading block connection mappings ...
[03:11:24] [Client thread/INFO]: Loaded Platform ViaVersion
[03:11:24] [Client thread/INFO]: Loading translations...
[03:11:24] [Client thread/INFO]: Registering protocols...
[03:11:24] [Client thread/INFO]: Loaded Platform ViaBackwards
[03:11:24] [Client thread/INFO]: Loaded Platform ViaRewind
[03:11:24] [Client thread/INFO]: ViaVersion detected lowest supported version by the proxy: 1.4.6/7 (51)
[03:11:24] [Client thread/INFO]: Highest supported version by the proxy: 1.20 (763)
[03:11:24] [Client thread/WARN]: You are running an outdated Java version, please consider updating it to at least Java 17 (your version is 1.8.0_372). At some point in the future, ViaVersion will no longer be compatible with this version of Java.
[03:11:24] [Via Async Scheduler 0/INFO]: Finished mapping loading, shutting down loader executor!
[03:11:24] [Client thread/INFO]: ViaLoadingBase has loaded 3/3 platforms
[03:11:24] [Client thread/INFO]: [OptiFine] (Reflector) Class not present: net.minecraftforge.fml.client.GuiModList
[03:11:24] [Client thread/INFO]: [OptiFine] (Reflector) Class not present: mods.betterfoliage.client.BetterFoliageClient
[03:11:24] [Client thread/INFO]: [OptiFine] (Reflector) Class not present: net.minecraftforge.fml.common.asm.transformers.BlamingTransformer
[03:11:24] [Client thread/INFO]: [OptiFine] (Reflector) Class not present: net.minecraftforge.event.world.ChunkWatchEvent$UnWatch
[03:11:24] [Client thread/INFO]: [OptiFine] (Reflector) Class not present: net.minecraftforge.fml.relauncher.CoreModManager
[03:11:24] [Client thread/INFO]: [OptiFine] (Reflector) Class not present: net.minecraftforge.common.DimensionManager
[03:11:24] [Client thread/INFO]: [OptiFine] (Reflector) Class not present: net.minecraftforge.client.event.GuiScreenEvent$DrawScreenEvent$Pre
[03:11:24] [Client thread/INFO]: [OptiFine] (Reflector) Class not present: net.minecraftforge.client.event.GuiScreenEvent$DrawScreenEvent$Post
[03:11:24] [Client thread/INFO]: [OptiFine] (Reflector) Class not present: net.minecraftforge.client.event.EntityViewRenderEvent$CameraSetup
[03:11:24] [Client thread/INFO]: [OptiFine] (Reflector) Class not present: net.minecraftforge.client.event.EntityViewRenderEvent$FogColors
[03:11:24] [Client thread/INFO]: [OptiFine] (Reflector) Class not present: net.minecraftforge.fml.common.eventhandler.Event
[03:11:24] [Client thread/INFO]: [OptiFine] (Reflector) Class not present: net.minecraftforge.fml.common.eventhandler.EventBus
[03:11:24] [Client thread/INFO]: [OptiFine] (Reflector) Class not present: net.minecraftforge.common.property.ExtendedBlockState
[03:11:24] [Client thread/INFO]: [OptiFine] (Reflector) Class not present: net.minecraftforge.fml.client.FMLClientHandler
[03:11:24] [Client thread/INFO]: [OptiFine] (Reflector) Class not present: net.minecraftforge.fml.common.FMLCommonHandler
[03:11:24] [Client thread/INFO]: [OptiFine] (Reflector) Method not present: net.minecraft.world.biome.BiomeGenBase.getWaterColorMultiplier
[03:11:24] [Client thread/INFO]: [OptiFine] (Reflector) Method not present: net.minecraft.block.Block.addDestroyEffects
[03:11:24] [Client thread/INFO]: [OptiFine] (Reflector) Method not present: net.minecraft.block.Block.addHitEffects
[03:11:24] [Client thread/INFO]: [OptiFine] (Reflector) Method not present: net.minecraft.block.Block.canCreatureSpawn
[03:11:24] [Client thread/INFO]: [OptiFine] (Reflector) Method not present: net.minecraft.block.Block.canRenderInLayer
[03:11:24] [Client thread/INFO]: [OptiFine] (Reflector) Method not present: net.minecraft.block.Block.doesSideBlockRendering
[03:11:24] [Client thread/INFO]: [OptiFine] (Reflector) Method not present: net.minecraft.block.Block.getBedDirection
[03:11:24] [Client thread/INFO]: [OptiFine] (Reflector) Method not present: net.minecraft.block.Block.getExtendedState
[03:11:24] [Client thread/INFO]: [OptiFine] (Reflector) Method not present: net.minecraft.block.Block.getLightOpacity
[03:11:24] [Client thread/INFO]: [OptiFine] (Reflector) Method not present: net.minecraft.block.Block.getLightValue
[03:11:24] [Client thread/INFO]: [OptiFine] (Reflector) Method not present: net.minecraft.block.Block.hasTileEntity
[03:11:24] [Client thread/INFO]: [OptiFine] (Reflector) Method not present: net.minecraft.block.Block.isAir
[03:11:24] [Client thread/INFO]: [OptiFine] (Reflector) Method not present: net.minecraft.block.Block.isBed
[03:11:24] [Client thread/INFO]: [OptiFine] (Reflector) Method not present: net.minecraft.block.Block.isBedFoot
[03:11:24] [Client thread/INFO]: [OptiFine] (Reflector) Method not present: net.minecraft.block.Block.isSideSolid
[03:11:24] [Client thread/INFO]: [OptiFine] (Reflector) Method not present: net.minecraft.world.ChunkCache.isSideSolid
[03:11:24] [Client thread/INFO]: [OptiFine] (Reflector) Method not present: net.minecraft.entity.Entity.canRiderInteract
[03:11:24] [Client thread/INFO]: [OptiFine] (Reflector) Field not present: net.minecraft.entity.Entity.captureDrops
[03:11:24] [Client thread/INFO]: [OptiFine] (Reflector) Field not present: net.minecraft.entity.Entity.capturedDrops
[03:11:24] [Client thread/INFO]: [OptiFine] (Reflector) Method not present: net.minecraft.entity.Entity.shouldRenderInPass
[03:11:24] [Client thread/INFO]: [OptiFine] (Reflector) Method not present: net.minecraft.entity.Entity.shouldRiderSit
[03:11:24] [Client thread/INFO]: [OptiFine] (Reflector) Class not present: net.minecraftforge.event.ForgeEventFactory
[03:11:24] [Client thread/INFO]: [OptiFine] (Reflector) Class not present: net.minecraftforge.common.ForgeHooks
[03:11:24] [Client thread/INFO]: [OptiFine] (Reflector) Field not present: net.minecraft.item.Item.delegate
[03:11:24] [Client thread/INFO]: [OptiFine] (Reflector) Method not present: net.minecraft.item.Item.getDurabilityForDisplay
[03:11:24] [Client thread/INFO]: [OptiFine] (Reflector) Method not present: net.minecraft.item.Item.getModel
[03:11:24] [Client thread/INFO]: [OptiFine] (Reflector) Method not present: net.minecraft.item.Item.onEntitySwing
[03:11:24] [Client thread/INFO]: [OptiFine] (Reflector) Method not present: net.minecraft.item.Item.shouldCauseReequipAnimation
[03:11:24] [Client thread/INFO]: [OptiFine] (Reflector) Method not present: net.minecraft.item.Item.showDurabilityBar
[03:11:24] [Client thread/INFO]: [OptiFine] (Reflector) Method not present: net.minecraft.potion.PotionEffect.isCurativeItem
[03:11:24] [Client thread/INFO]: [OptiFine] (Reflector) Method not present: net.minecraft.tileentity.TileEntity.canRenderBreaking
[03:11:24] [Client thread/INFO]: [OptiFine] (Reflector) Method not present: net.minecraft.tileentity.TileEntity.getRenderBoundingBox
[03:11:24] [Client thread/INFO]: [OptiFine] (Reflector) Method not present: net.minecraft.tileentity.TileEntity.hasFastRenderer
[03:11:24] [Client thread/INFO]: [OptiFine] (Reflector) Method not present: net.minecraft.tileentity.TileEntity.shouldRenderInPass
[03:11:24] [Client thread/INFO]: [OptiFine] (Reflector) Method not present: net.minecraft.world.World.countEntities
[03:11:24] [Client thread/INFO]: [OptiFine] (Reflector) Method not present: net.minecraft.world.World.getPerWorldStorage
[03:11:24] [Client thread/INFO]: [OptiFine] (Reflector) Method not present: net.minecraft.world.WorldProvider.getCloudRenderer
[03:11:24] [Client thread/INFO]: [OptiFine] (Reflector) Method not present: net.minecraft.world.WorldProvider.getSkyRenderer
[03:11:24] [Client thread/INFO]: [OptiFine] (Reflector) Method not present: net.minecraft.world.WorldProvider.getWeatherRenderer
[03:11:24] [Client thread/INFO]: [OptiFine] (Reflector) Method not present: net.minecraft.world.WorldProvider.getSaveFolder
[03:11:24] [Client thread/INFO]: [OptiFine] (Reflector) Class not present: net.minecraftforge.client.model.IColoredBakedQuad
[03:11:24] [Client thread/INFO]: [OptiFine] (Reflector) Class not present: net.minecraftforge.common.property.IExtendedBlockState
[03:11:24] [Client thread/INFO]: [OptiFine] (Reflector) Class not present: net.minecraftforge.client.model.IModel
[03:11:24] [Client thread/INFO]: [OptiFine] (Reflector) Class not present: net.minecraftforge.client.IRenderHandler
[03:11:24] [Client thread/INFO]: [OptiFine] (Reflector) Class not present: net.minecraftforge.common.MinecraftForge
[03:11:24] [Client thread/INFO]: [OptiFine] (Reflector) Class not present: net.minecraftforge.client.MinecraftForgeClient
[03:11:24] [Client thread/INFO]: [OptiFine] (Reflector) Class not present: net.minecraftforge.fml.common.ModContainer
[03:11:24] [Client thread/INFO]: [OptiFine] (Reflector) Class not present: net.minecraftforge.client.model.ModelLoader$VanillaLoader
[03:11:24] [Client thread/INFO]: [OptiFine] (Reflector) Class not present: net.minecraftforge.client.event.RenderBlockOverlayEvent$OverlayType
[03:11:24] [Client thread/INFO]: [OptiFine] (Reflector) Class not present: net.minecraftforge.client.event.RenderItemInFrameEvent
[03:11:24] [Client thread/INFO]: [OptiFine] (Reflector) Class not present: net.minecraftforge.client.event.RenderLivingEvent$Pre
[03:11:24] [Client thread/INFO]: [OptiFine] (Reflector) Class not present: net.minecraftforge.client.event.RenderLivingEvent$Post
[03:11:24] [Client thread/INFO]: [OptiFine] (Reflector) Class not present: net.minecraftforge.client.event.RenderLivingEvent$Specials$Pre
[03:11:24] [Client thread/INFO]: [OptiFine] (Reflector) Class not present: net.minecraftforge.client.event.RenderLivingEvent$Specials$Post
[03:11:24] [Client thread/INFO]: [OptiFine] (Reflector) Class not present: net.minecraftforge.event.world.WorldEvent$Load
[03:11:24] [Client thread/INFO]: [OptiFine] *** Reloading custom textures ***
[03:11:24] [Client thread/INFO]: [OptiFine] CustomColors: Colormap mcpatcher/colormap/sky0.png
[03:11:24] [Client thread/INFO]: [OptiFine] CustomColors: Loading mcpatcher/color.properties
[03:11:24] [Client thread/INFO]: [OptiFine] CustomColors: lilypad = 6aef3f
[03:11:24] [Client thread/INFO]: [OptiFine] CustomColors: sky.end = FFFFFF
[03:11:24] [Client thread/INFO]: [OptiFine] CustomSky properties: mcpatcher/sky/world0/sky1.properties
[03:11:25] [Client thread/INFO]: [OptiFine] CustomSky properties: mcpatcher/sky/world0/sky2.properties
[03:11:25] [Client thread/INFO]: [OptiFine] CustomSky properties: mcpatcher/sky/world0/sky3.properties
[03:11:25] [Client thread/INFO]: [OptiFine] CustomSky properties: mcpatcher/sky/world0/sky4.properties
[03:11:25] [Client thread/INFO]: [OptiFine] CustomSky properties: mcpatcher/sky/world0/sky5.properties
[03:11:25] [Via Async Task 1/WARN]: There is a newer plugin version available: 4.7.0, you're on: 4.7.0-1.20-pre2-SNAPSHOT
[03:11:25] [Client thread/INFO]: [OptiFine] CustomSky properties: mcpatcher/sky/world0/sky6.properties
[03:11:25] [Client thread/INFO]: [OptiFine] CustomSky properties: mcpatcher/sky/world0/sky7.properties
[03:11:25] [Client thread/INFO]: [OptiFine] CustomSky properties: mcpatcher/sky/world0/sky8.properties
[03:11:25] [Client thread/INFO]: [OptiFine] CustomSky properties: mcpatcher/sky/world0/sky9.properties
[03:11:26] [Client thread/INFO]: [OptiFine] CustomSky properties: mcpatcher/sky/world0/sky10.properties
[03:11:26] [Client thread/INFO]: [OptiFine] CustomSky: Texture not found: minecraft:mcpatcher/sky/world0/sky_boxsunsetrays2.png
[03:11:26] [Client thread/INFO]: [OptiFine] CustomSky properties: mcpatcher/sky/world0/sky11.properties
[03:11:26] [Client thread/INFO]: [OptiFine] CustomSky: Texture not found: minecraft:mcpatcher/sky/world0/sky_boxsunsetraysdown1.png
[03:11:26] [Client thread/INFO]: [OptiFine] CustomSky properties: mcpatcher/sky/world0/sky12.properties
[03:11:26] [Client thread/INFO]: [OptiFine] CustomSky: Texture not found: minecraft:mcpatcher/sky/world0/sky_boxsunsetrays2.png
[03:11:26] [Client thread/INFO]: [OptiFine] CustomSky properties: mcpatcher/sky/world0/sky13.properties
[03:11:26] [Client thread/INFO]: [OptiFine] CustomSky properties: mcpatcher/sky/world0/sky14.properties
[03:11:26] [Client thread/INFO]: [OptiFine] CustomSky properties: mcpatcher/sky/world0/sky15.properties
[03:11:27] [Client thread/INFO]: [OptiFine] CustomSky properties: mcpatcher/sky/world0/sky16.properties
[03:11:27] [Client thread/INFO]: [OptiFine] CustomSky: Texture not found: minecraft:mcpatcher/sky/world0/sky_nightmagic.png
[03:11:27] [Client thread/INFO]: [OptiFine] CustomSky properties: mcpatcher/sky/world0/sky17.properties
[03:11:27] [Client thread/INFO]: [OptiFine] CustomSky: Texture not found: minecraft:mcpatcher/sky/world0/sky_nightmagic2.png
[03:11:27] [Client thread/INFO]: [OptiFine] CustomSky properties: mcpatcher/sky/world0/sky18.properties
[03:11:27] [Client thread/INFO]: [OptiFine] CustomSky properties: mcpatcher/sky/world0/sky19.properties
[03:11:27] [Client thread/INFO]: [OptiFine] CustomSky properties: mcpatcher/sky/world0/sky20.properties
[03:11:27] [Client thread/INFO]: [OptiFine] CustomSky properties: mcpatcher/sky/world0/sky21.properties
[03:11:27] [Client thread/INFO]: [OptiFine] CustomSky properties: mcpatcher/sky/world0/sky22.properties
[03:11:27] [Client thread/INFO]: [OptiFine] CustomSky properties: mcpatcher/sky/world0/sky23.properties
[03:11:27] [Client thread/INFO]: [OptiFine] CustomSky properties: mcpatcher/sky/world0/sky24.properties
[03:11:27] [Client thread/INFO]: [OptiFine] CustomSky properties: mcpatcher/sky/world0/sky25.properties
[03:11:27] [Client thread/INFO]: [OptiFine] CustomSky properties: mcpatcher/sky/world0/sky26.properties
[03:11:27] [Client thread/INFO]: [OptiFine] CustomSky properties: mcpatcher/sky/world0/sky27.properties
[03:11:27] [Client thread/INFO]: [OptiFine] CustomSky properties: mcpatcher/sky/world0/sky28.properties
[03:11:27] [Client thread/INFO]: [OptiFine] CustomSky properties: mcpatcher/sky/world0/sky29.properties
[03:11:27] [Client thread/INFO]: [OptiFine] CustomSky properties: mcpatcher/sky/world0/sky30.properties
[03:11:27] [Client thread/INFO]: [OptiFine] CustomSky properties: mcpatcher/sky/world0/sky31.properties
[03:11:27] [Client thread/INFO]: [OptiFine] CustomSky properties: mcpatcher/sky/world0/sky32.properties
[03:11:27] [Client thread/INFO]: [OptiFine] CustomSky properties: mcpatcher/sky/world0/sky33.properties
[03:11:27] [Client thread/INFO]: [OptiFine] CustomSky properties: mcpatcher/sky/world0/sky34.properties
[03:11:27] [Client thread/INFO]: [OptiFine] CustomSky: Texture not found: minecraft:mcpatcher/sky/world0/clouds2.png
[03:11:27] [Client thread/INFO]: [OptiFine] CustomSky properties: mcpatcher/sky/world0/sky35.properties
[03:11:27] [Client thread/INFO]: [OptiFine] CustomSky: Texture not found: minecraft:mcpatcher/sky/world0/clouds1.png
[03:11:27] [Client thread/INFO]: [OptiFine] CustomSky properties: mcpatcher/sky/world0/sky36.properties
[03:11:28] [Client thread/INFO]: [OptiFine] CustomSky properties: mcpatcher/sky/world0/sky37.properties
[03:11:28] [Client thread/INFO]: [OptiFine] CustomSky properties: mcpatcher/sky/world0/sky38.properties
[03:11:28] [Client thread/INFO]: [OptiFine] CustomSky properties: mcpatcher/sky/world0/sky39.properties
[03:11:28] [Client thread/INFO]: [OptiFine] Enable face culling: acacia_leaves, birch_leaves, dark_oak_leaves, jungle_leaves, oak_leaves, spruce_leaves
[03:11:34] [Client thread/WARN]: Unable to play unknown soundEvent: minecraft:music.menu
[03:11:58] [Client thread/WARN]: Unable to play unknown soundEvent: minecraft:music.menu
[03:12:00] [Client thread/WARN]: Unable to play unknown soundEvent: minecraft:gui.button.press
[03:12:01] [Client thread/WARN]: Unable to play unknown soundEvent: minecraft:gui.button.press
[03:12:02] [Client thread/WARN]: Unable to play unknown soundEvent: minecraft:gui.button.press
[03:12:03] [Client thread/WARN]: Unable to play unknown soundEvent: minecraft:gui.button.press
[03:12:03] [Client thread/WARN]: Unable to play unknown soundEvent: minecraft:gui.button.press
[03:12:04] [Server thread/INFO]: Starting integrated minecraft server version 1.9
[03:12:04] [Server thread/INFO]: Generating keypair
[03:12:04] [Server thread/INFO]: Preparing start region for level 0
[03:12:05] [Server thread/INFO]: Changing view distance to 8, from 10
[03:12:05] [Server thread/INFO]: Player687[local:E:ec6cd2c1] logged in with entity id 147 at (70.26494052372432, 66.0, 265.1326716745806)
[03:12:05] [Server thread/INFO]: Player687 joined the game
[03:12:06] [Client thread/INFO]: [Shaders] Sun path rotation: -40.0
[03:12:06] [Client thread/INFO]: [Shaders] Shadow map resolution: 2048
[03:12:06] [Client thread/INFO]: [Shaders] Shadow map distance: 256.0
[03:12:06] [Client thread/INFO]: [Shaders] Program loaded: shadow
[03:12:06] [Client thread/INFO]: [Shaders] Sun path rotation: -40.0
[03:12:06] [Client thread/INFO]: [Shaders] Shadow map resolution: 2048
[03:12:06] [Client thread/INFO]: [Shaders] Shadow map distance: 256.0
[03:12:06] [Client thread/INFO]: [Shaders] Program loaded: gbuffers_basic
[03:12:06] [Client thread/INFO]: [Shaders] Sun path rotation: -40.0
[03:12:06] [Client thread/INFO]: [Shaders] Shadow map resolution: 2048
[03:12:06] [Client thread/INFO]: [Shaders] Shadow map distance: 256.0
[03:12:06] [Client thread/INFO]: [Shaders] Program loaded: gbuffers_textured
[03:12:06] [Client thread/INFO]: [Shaders] Sun path rotation: -40.0
[03:12:06] [Client thread/INFO]: [Shaders] Shadow map resolution: 2048
[03:12:06] [Client thread/INFO]: [Shaders] Shadow map distance: 256.0
[03:12:06] [Client thread/INFO]: [Shaders] Program loaded: gbuffers_skybasic
[03:12:06] [Client thread/INFO]: [Shaders] Sun path rotation: -40.0
[03:12:06] [Client thread/INFO]: [Shaders] Shadow map resolution: 2048
[03:12:06] [Client thread/INFO]: [Shaders] Shadow map distance: 256.0
[03:12:06] [Client thread/INFO]: [Shaders] Program loaded: gbuffers_skytextured
[03:12:06] [Client thread/INFO]: [Shaders] Sun path rotation: -40.0
[03:12:06] [Client thread/INFO]: [Shaders] Shadow map resolution: 2048
[03:12:06] [Client thread/INFO]: [Shaders] Shadow map distance: 256.0
[03:12:06] [Client thread/INFO]: [Shaders] Program loaded: gbuffers_clouds
[03:12:06] [Client thread/INFO]: [Shaders] Sun path rotation: -40.0
[03:12:06] [Client thread/INFO]: [Shaders] Shadow map resolution: 2048
[03:12:06] [Client thread/INFO]: [Shaders] Shadow map distance: 256.0
[03:12:06] [Client thread/WARN]: [Shaders] Invalid draw buffers: 03618
[03:12:06] [Client thread/INFO]: [Shaders] Program loaded: gbuffers_terrain
[03:12:06] [Client thread/INFO]: [Shaders] Sun path rotation: -40.0
[03:12:06] [Client thread/INFO]: [Shaders] Shadow map resolution: 2048
[03:12:06] [Client thread/INFO]: [Shaders] Shadow map distance: 256.0
[03:12:06] [Client thread/INFO]: [Shaders] Program loaded: gbuffers_damagedblock
[03:12:06] [Client thread/INFO]: [Shaders] Sun path rotation: -40.0
[03:12:06] [Client thread/INFO]: [Shaders] Shadow map resolution: 2048
[03:12:06] [Client thread/INFO]: [Shaders] Shadow map distance: 256.0
[03:12:06] [Client thread/INFO]: [Shaders] Program loaded: gbuffers_block
[03:12:06] [Client thread/INFO]: [Shaders] Sun path rotation: -40.0
[03:12:06] [Client thread/INFO]: [Shaders] Shadow map resolution: 2048
[03:12:06] [Client thread/INFO]: [Shaders] Shadow map distance: 256.0
[03:12:06] [Client thread/INFO]: [Shaders] Program loaded: gbuffers_beaconbeam
[03:12:06] [Client thread/INFO]: [Shaders] Sun path rotation: -40.0
[03:12:06] [Client thread/INFO]: [Shaders] Shadow map resolution: 2048
[03:12:06] [Client thread/INFO]: [Shaders] Shadow map distance: 256.0
[03:12:06] [Client thread/INFO]: [Shaders] Program loaded: gbuffers_entities
[03:12:06] [Client thread/INFO]: [Shaders] Sun path rotation: -40.0
[03:12:06] [Client thread/INFO]: [Shaders] Shadow map resolution: 2048
[03:12:06] [Client thread/INFO]: [Shaders] Shadow map distance: 256.0
[03:12:06] [Client thread/INFO]: [Shaders] Program loaded: gbuffers_entities_glowing
[03:12:06] [Client thread/INFO]: [Shaders] Sun path rotation: -40.0
[03:12:06] [Client thread/INFO]: [Shaders] Shadow map resolution: 2048
[03:12:06] [Client thread/INFO]: [Shaders] Shadow map distance: 256.0
[03:12:06] [Client thread/INFO]: [Shaders] Program loaded: gbuffers_armor_glint
[03:12:06] [Client thread/INFO]: [Shaders] Sun path rotation: -40.0
[03:12:06] [Client thread/INFO]: [Shaders] Shadow map resolution: 2048
[03:12:06] [Client thread/INFO]: [Shaders] Shadow map distance: 256.0
[03:12:06] [Client thread/INFO]: [Shaders] Program loaded: gbuffers_spidereyes
[03:12:06] [Client thread/INFO]: [Shaders] Sun path rotation: -40.0
[03:12:06] [Client thread/INFO]: [Shaders] Shadow map resolution: 2048
[03:12:06] [Client thread/INFO]: [Shaders] Shadow map distance: 256.0
[03:12:06] [Client thread/INFO]: [Shaders] Program loaded: gbuffers_hand
[03:12:06] [Client thread/INFO]: [Shaders] Sun path rotation: -40.0
[03:12:06] [Client thread/INFO]: [Shaders] Shadow map resolution: 2048
[03:12:06] [Client thread/INFO]: [Shaders] Shadow map distance: 256.0
[03:12:06] [Client thread/INFO]: [Shaders] Program loaded: gbuffers_weather
[03:12:06] [Client thread/INFO]: [Shaders] Sun path rotation: -40.0
[03:12:06] [Client thread/INFO]: [Shaders] Shadow map resolution: 2048
[03:12:06] [Client thread/INFO]: [Shaders] Shadow map distance: 256.0
[03:12:06] [Client thread/INFO]: [Shaders] Program loaded: deferred
[03:12:06] [Client thread/INFO]: [Shaders] Sun path rotation: -40.0
[03:12:06] [Client thread/INFO]: [Shaders] Shadow map resolution: 2048
[03:12:06] [Client thread/INFO]: [Shaders] Shadow map distance: 256.0
[03:12:06] [Client thread/INFO]: [Shaders] colortex0 mipmap enabled
[03:12:06] [Client thread/WARN]: [Shaders] Invalid draw buffers: 059
[03:12:06] [Client thread/INFO]: [Shaders] Program loaded: deferred1
[03:12:06] [Client thread/INFO]: [Shaders] Sun path rotation: -40.0
[03:12:06] [Client thread/INFO]: [Shaders] Shadow map resolution: 2048
[03:12:06] [Client thread/INFO]: [Shaders] Shadow map distance: 256.0
[03:12:06] [Client thread/INFO]: [Shaders] Program loaded: gbuffers_water
[03:12:06] [Client thread/INFO]: [Shaders] Sun path rotation: -40.0
[03:12:06] [Client thread/INFO]: [Shaders] Shadow map resolution: 2048
[03:12:06] [Client thread/INFO]: [Shaders] Shadow map distance: 256.0
[03:12:06] [Client thread/INFO]: [Shaders] colortex2 clear disabled
[03:12:06] [Client thread/INFO]: [Shaders] Program loaded: composite
[03:12:06] [Client thread/INFO]: [Shaders] Sun path rotation: -40.0
[03:12:06] [Client thread/INFO]: [Shaders] Shadow map resolution: 2048
[03:12:06] [Client thread/INFO]: [Shaders] Shadow map distance: 256.0
[03:12:06] [Client thread/INFO]: [Shaders] colortex1 mipmap enabled
[03:12:06] [Client thread/INFO]: [Shaders] Program loaded: composite1
[03:12:06] [Client thread/INFO]: [Shaders] Program disabled: composite2
[03:12:06] [Client thread/INFO]: [Shaders] Program disabled: composite3
[03:12:06] [Client thread/INFO]: [Shaders] Sun path rotation: -40.0
[03:12:06] [Client thread/INFO]: [Shaders] Shadow map resolution: 2048
[03:12:06] [Client thread/INFO]: [Shaders] Shadow map distance: 256.0
[03:12:06] [Client thread/INFO]: [Shaders] colortex0 mipmap enabled
[03:12:06] [Client thread/INFO]: [Shaders] Program loaded: composite4
[03:12:06] [Client thread/INFO]: [Shaders] Sun path rotation: -40.0
[03:12:06] [Client thread/INFO]: [Shaders] Shadow map resolution: 2048
[03:12:06] [Client thread/INFO]: [Shaders] Shadow map distance: 256.0
[03:12:06] [Client thread/INFO]: [Shaders] Program loaded: composite5
[03:12:06] [Client thread/INFO]: [Shaders] Sun path rotation: -40.0
[03:12:06] [Client thread/INFO]: [Shaders] Shadow map resolution: 2048
[03:12:06] [Client thread/INFO]: [Shaders] Shadow map distance: 256.0
[03:12:06] [Client thread/INFO]: [Shaders] colortex1 mipmap enabled
[03:12:06] [Client thread/INFO]: [Shaders] Program loaded: composite6
[03:12:06] [Client thread/INFO]: [Shaders] Sun path rotation: -40.0
[03:12:06] [Client thread/INFO]: [Shaders] Shadow map resolution: 2048
[03:12:06] [Client thread/INFO]: [Shaders] Shadow map distance: 256.0
[03:12:06] [Client thread/INFO]: [Shaders] Program loaded: composite7
[03:12:06] [Client thread/INFO]: [Shaders] Sun path rotation: -40.0
[03:12:06] [Client thread/INFO]: [Shaders] Shadow map resolution: 2048
[03:12:06] [Client thread/INFO]: [Shaders] Shadow map distance: 256.0
[03:12:06] [Client thread/INFO]: [Shaders] colortex0 format: R11F_G11F_B10F
[03:12:06] [Client thread/INFO]: [Shaders] colortex1 format: RGB8
[03:12:06] [Client thread/INFO]: [Shaders] colortex2 format: RGBA16
[03:12:06] [Client thread/INFO]: [Shaders] colortex3 format: RGB8
[03:12:06] [Client thread/INFO]: [Shaders] gaux1 format: RG8
[03:12:06] [Client thread/INFO]: [Shaders] gaux2 format: RGB8
[03:12:06] [Client thread/INFO]: [Shaders] gaux3 format: RG16
[03:12:06] [Client thread/INFO]: [Shaders] gaux4 format: RGB8
[03:12:06] [Client thread/INFO]: [Shaders] Hardware shadow filtering enabled.
[03:12:06] [Client thread/INFO]: [Shaders] Shadow distance render mul: 1.0
[03:12:06] [Client thread/INFO]: [Shaders] Noise texture enabled
[03:12:06] [Client thread/INFO]: [Shaders] Noise texture resolution: 512
[03:12:06] [Client thread/INFO]: [Shaders] Dryness halflife: 300.0
[03:12:06] [Client thread/INFO]: [Shaders] Wetness halflife: 300.0
[03:12:06] [Client thread/INFO]: [Shaders] Program loaded: final
[03:12:06] [Client thread/INFO]: [Shaders] usedColorBuffers: 8
[03:12:06] [Client thread/INFO]: [Shaders] usedDepthBuffers: 2
[03:12:06] [Client thread/INFO]: [Shaders] usedShadowColorBuffers: 0
[03:12:06] [Client thread/INFO]: [Shaders] usedShadowDepthBuffers: 1
[03:12:06] [Client thread/INFO]: [Shaders] usedColorAttachs: 8
[03:12:06] [Client thread/INFO]: [Shaders] usedDrawBuffers: 5
[03:12:06] [Client thread/INFO]: [Shaders] Framebuffer created.
[03:12:06] [Client thread/INFO]: [Shaders] Shadow framebuffer created.
[03:12:06] [Client thread/INFO]: [Shaders] Reset model renderers
[03:12:06] [Client thread/INFO]: [Shaders] Reset world renderers
[03:12:07] [Client thread/WARN]: Unable to play unknown soundEvent: minecraft:mob.sheep.say
[03:12:07] [Client thread/WARN]: Unable to play unknown soundEvent: minecraft:dig.grass
[03:12:08] [Client thread/WARN]: Unable to play unknown soundEvent: minecraft:step.grass
[03:12:08] [Client thread/WARN]: Unable to play unknown soundEvent: minecraft:dig.grass
[03:12:09] [Client thread/WARN]: Unable to play unknown soundEvent: minecraft:dig.grass
[03:12:09] [Client thread/WARN]: Unable to play unknown soundEvent: minecraft:step.grass
[03:12:09] [Client thread/WARN]: Unable to play unknown soundEvent: minecraft:dig.grass
[03:12:09] [Client thread/WARN]: Unable to play unknown soundEvent: minecraft:dig.grass
[03:12:10] [Server thread/INFO]: Saving and pausing game...
[03:12:10] [Server thread/INFO]: Saving chunks for level 'New World'/Overworld
[03:12:10] [Server thread/INFO]: Saving chunks for level 'New World'/Nether
[03:12:10] [Server thread/INFO]: Saving chunks for level 'New World'/The End
[03:12:10] [Client thread/WARN]: Unable to play unknown soundEvent: minecraft:gui.button.press
[03:12:10] [Client thread/WARN]: Unable to play unknown soundEvent: minecraft:gui.button.press
[03:12:11] [Client thread/WARN]: Unable to play unknown soundEvent: minecraft:gui.button.press
[03:12:12] [Client thread/WARN]: Unable to play unknown soundEvent: minecraft:gui.button.press
[03:12:13] [Client thread/WARN]: Unable to play unknown soundEvent: minecraft:gui.button.press
[03:12:14] [Server thread/INFO]: Saving and pausing game...
[03:12:14] [Server thread/INFO]: Saving chunks for level 'New World'/Overworld
[03:12:14] [Server thread/INFO]: Saving chunks for level 'New World'/Nether
[03:12:14] [Server thread/INFO]: Saving chunks for level 'New World'/The End
[03:12:15] [Client thread/WARN]: Unable to play unknown soundEvent: minecraft:gui.button.press
[03:12:15] [Server thread/INFO]: Stopping server
[03:12:15] [Server thread/INFO]: Saving players
[03:12:15] [Server thread/INFO]: Saving worlds
[03:12:15] [Server thread/INFO]: Saving chunks for level 'New World'/Overworld
[03:12:15] [Server thread/INFO]: Saving chunks for level 'New World'/Nether
[03:12:15] [Server thread/INFO]: Saving chunks for level 'New World'/The End
[03:12:15] [Client thread/WARN]: Unable to play unknown soundEvent: minecraft:gui.button.press
[03:12:15] [Client thread/INFO]: Stopping!
[03:12:15] [Client thread/INFO]: SoundSystem shutting down...
[03:12:16] [Client thread/WARN]: Author: Paul Lamb, www.paulscode.com
